<?xml version="1.0" encoding="UTF-8"?>
<!-- Generated by org.testng.reporters.JUnitReportReporter -->
<testsuite hostname="Mani" failures="0" tests="2" name="week3.day1.ServiceNowIncident" time="9.342" errors="0" timestamp="2024-10-09T10:16:37 IST" skipped="0">
  <testcase classname="week3.day1.ServiceNowIncident" name="validateUserGetsAllRecrds" time="6.352"/>
  <testcase classname="week3.day1.ServiceNowIncident" name="validateUserGetsSingleRecord" time="2.990"/>
</testsuite> <!-- week3.day1.ServiceNowIncident -->
