<?xml version="1.0" encoding="UTF-8"?>
<!-- Generated by org.testng.reporters.JUnitReportReporter -->
<testsuite hostname="Mani" failures="0" tests="2" name="week4.day1.Runner.RunnerClassForCucumberExecution" time="6.803" errors="0" timestamp="2024-10-12T18:04:33 IST" skipped="0">
  <testcase classname="week4.day1.Runner.RunnerClassForCucumberExecution" name="runScenario" time="2.338"/>
  <testcase classname="week4.day1.Runner.RunnerClassForCucumberExecution" name="runScenario" time="4.465"/>
</testsuite> <!-- week4.day1.Runner.RunnerClassForCucumberExecution -->
