<?xml version="1.0" encoding="UTF-8"?>
<!-- Generated by org.testng.reporters.JUnitReportReporter -->
<testsuite hostname="Mani" failures="0" tests="1" name="week3.home.assignments.CreateChangeRequestWithFile" time="7.606" errors="0" timestamp="2024-10-09T12:31:07 IST" skipped="0">
  <testcase classname="week3.home.assignments.CreateChangeRequestWithFile" name="createNewChangeRequest" time="7.606"/>
</testsuite> <!-- week3.home.assignments.CreateChangeRequestWithFile -->
