<?xml version="1.0" encoding="UTF-8"?>
<!-- Generated by org.testng.reporters.JUnitReportReporter -->
<testsuite hostname="Mani" failures="0" tests="2" name="week3.day2.CreateOAuthToken" time="6.765" errors="0" timestamp="2024-10-09T20:09:45 IST" skipped="0">
  <testcase classname="week3.day2.CreateOAuthToken" name="createOAuthToken" time="4.289"/>
  <testcase classname="week3.day2.CreateOAuthToken" name="validateGetCallWithBearerToken" time="2.476"/>
</testsuite> <!-- week3.day2.CreateOAuthToken -->
