<?xml version="1.0" encoding="UTF-8"?>
<!-- Generated by org.testng.reporters.JUnitReportReporter -->
<testsuite hostname="Mani" failures="0" tests="2" name="week4.day2.runner.IncidentTestRunner2" time="8.928" errors="0" timestamp="2024-10-14T18:33:35 IST" skipped="0">
  <testcase classname="week4.day2.runner.IncidentTestRunner2" name="runScenario" time="4.448"/>
  <testcase classname="week4.day2.runner.IncidentTestRunner2" name="runScenario" time="4.480"/>
</testsuite> <!-- week4.day2.runner.IncidentTestRunner2 -->
