<?xml version="1.0" encoding="UTF-8"?>
<!-- Generated by org.testng.reporters.JUnitReportReporter -->
<testsuite hostname="Mani" failures="0" tests="1" name="week4.day2.runner.RerunFailedTestRunner" time="4.430" errors="0" timestamp="2024-10-14T18:16:19 IST" skipped="0">
  <testcase classname="week4.day2.runner.RerunFailedTestRunner" name="runScenario" time="4.430"/>
</testsuite> <!-- week4.day2.runner.RerunFailedTestRunner -->
