<?xml version="1.0" encoding="UTF-8"?>
<!-- Generated by org.testng.reporters.JUnitReportReporter -->
<testsuite hostname="Mani" failures="0" tests="2" name="week4.day2.runner.IncidentTestRunner3" time="9.042" errors="0" timestamp="2024-10-14T18:33:35 IST" skipped="0">
  <testcase classname="week4.day2.runner.IncidentTestRunner3" name="runScenario" time="4.504"/>
  <testcase classname="week4.day2.runner.IncidentTestRunner3" name="runScenario" time="4.538"/>
</testsuite> <!-- week4.day2.runner.IncidentTestRunner3 -->
