<?xml version="1.0" encoding="UTF-8"?>
<!-- Generated by org.testng.reporters.JUnitReportReporter -->
<testsuite hostname="Mani" failures="0" tests="5" name="week3.day2.DataDrivenSerialization" time="18.862" errors="0" timestamp="2024-10-10T12:44:36 IST" skipped="0">
  <testcase classname="week3.day2.DataDrivenSerialization" name="createNewIncident" time="4.029"/>
  <testcase classname="week3.day2.DataDrivenSerialization" name="createNewIncident" time="2.514"/>
  <testcase classname="week3.day2.DataDrivenSerialization" name="createNewIncident" time="2.420"/>
  <testcase classname="week3.day2.DataDrivenSerialization" name="createNewIncident" time="6.617"/>
  <testcase classname="week3.day2.DataDrivenSerialization" name="createNewIncident" time="3.282"/>
</testsuite> <!-- week3.day2.DataDrivenSerialization -->
