<?xml version="1.0" encoding="UTF-8"?>
<!-- Generated by org.testng.reporters.JUnitReportReporter -->
<testsuite hostname="Mani" failures="0" tests="2" name="week3.day2.Dummy" time="6.643" errors="0" timestamp="2024-10-09T20:21:27 IST" skipped="0">
  <testcase classname="week3.day2.Dummy" name="validateGetCallwithBearerToken" time="2.142"/>
  <testcase classname="week3.day2.Dummy" name="createOAuthToken" time="4.501"/>
</testsuite> <!-- week3.day2.Dummy -->
