<?xml version="1.0" encoding="UTF-8"?>
<!-- Generated by org.testng.reporters.JUnitReportReporter -->
<testsuite hostname="Mani" failures="0" tests="5" name="week3.day1.ServiceNowIncidentChainRequest" time="23.626" errors="0" timestamp="2024-10-09T11:09:21 IST" skipped="0">
  <testcase classname="week3.day1.ServiceNowIncidentChainRequest" name="CreateNewIncident" time="4.885"/>
  <testcase classname="week3.day1.ServiceNowIncidentChainRequest" name="validateUserGetsSingleRecord" time="5.157"/>
  <testcase classname="week3.day1.ServiceNowIncidentChainRequest" name="updateIncidentPUTMethod" time="3.020"/>
  <testcase classname="week3.day1.ServiceNowIncidentChainRequest" name="deleteExistingRecord" time="5.698"/>
  <testcase classname="week3.day1.ServiceNowIncidentChainRequest" name="validateExistingRecordDeletedSuccessfully" time="4.866"/>
</testsuite> <!-- week3.day1.ServiceNowIncidentChainRequest -->
